<?xml version="1.0" encoding="UTF-8"?>
<!-- Generated by org.testng.reporters.JUnitXMLReporter -->
<testsuite ignored="0" hostname="DESKTOP-BK3PTRF" failures="0" tests="5" name="Test3" time="0.343" errors="0" timestamp="2024-09-02T10:49:07 IST">
  <testcase classname="testNg.pkg.SampalTest" name="createContact" time="0.021"/>
  <testcase classname="testNg.pkg.SampalTest" name="createContact" time="0.01"/>
  <testcase classname="testNg.pkg.SampalTest" name="createContact" time="0.012"/>
  <testcase classname="testNg.pkg.SampalTest" name="modifyContact" time="0.007"/>
  <testcase classname="testNg.pkg.SampalTest" name="deleteContact" time="0.011"/>
</testsuite> <!-- Test3 -->
