<?xml version="1.0" encoding="UTF-8"?>
<!-- Generated by org.testng.reporters.JUnitXMLReporter -->
<testsuite ignored="0" hostname="DESKTOP-BK3PTRF" failures="0" tests="2" name="Test" time="25.389" errors="0" timestamp="2024-09-10T21:30:00 IST">
  <testcase classname="z.SelfPractice.Adv_Scenarios.A__MultipleWebElement_Handling" name="a__MultipleWebElement_Handling" time="21.462"/>
  <testcase classname="z.SelfPractice.Adv_Scenarios.B__KeyBoardStrokeHandling" name="b__KeyBoardStrokeHandling" time="3.868"/>
</testsuite> <!-- Test -->
