<?xml version="1.0" encoding="UTF-8"?>
<testng-results ignored="0" total="1" passed="1" failed="0" skipped="0">
  <reporter-output>
  </reporter-output>
  <suite started-at="2024-10-04T23:30:35 IST" name="Default suite" finished-at="2024-10-04T23:30:50 IST" duration-ms="15880">
    <groups>
    </groups>
    <test started-at="2024-10-04T23:30:35 IST" name="Default test" finished-at="2024-10-04T23:30:50 IST" duration-ms="15880">
      <class name="z.SelfPractice.Adv_Scenarios.C__MouseActionsHandling">
        <test-method signature="c__MouseActionsHandling()[pri:0, instance:z.SelfPractice.Adv_Scenarios.C__MouseActionsHandling@451001e5]" started-at="2024-10-04T23:30:35 IST" name="c__MouseActionsHandling" finished-at="2024-10-04T23:30:50 IST" duration-ms="15822" status="PASS">
          <reporter-output>
          </reporter-output>
        </test-method> <!-- c__MouseActionsHandling -->
      </class> <!-- z.SelfPractice.Adv_Scenarios.C__MouseActionsHandling -->
    </test> <!-- Default test -->
  </suite> <!-- Default suite -->
</testng-results>
